2022-12-14 22:17:45,081 INFO  [Log] ** 
2022-12-14 22:17:45,082 INFO  [Log] ** 
2022-12-14 22:17:45,102 INFO  [Log] ############   My first test case is Login test ################ 
2022-12-14 22:17:45,102 INFO  [Log] ** 
2022-12-14 22:17:45,102 INFO  [Log] ** 
2022-12-14 22:17:45,102 INFO  [Log] My login test is going on 
2022-12-14 22:17:45,103 INFO  [Log] My test case might be failed 
2022-12-14 22:17:51,627 INFO  [Log] My test case is about to complete 
2022-12-14 22:17:51,632 INFO  [Log] ################################## 
2022-12-14 22:17:51,632 INFO  [Log] ########################################## 
2022-12-14 22:17:51,633 INFO  [Log] ############   This is my login test again ################ 
2022-12-14 22:17:51,634 INFO  [Log] ########################## 
2022-12-14 22:17:51,634 INFO  [Log] ########################################## 
2022-12-14 22:17:51,994 INFO  [Log] My test case is about to complete 
2022-12-14 22:17:51,994 INFO  [Log] ################################## 
2022-12-14 22:17:51,994 INFO  [Log] ########################################## 
2022-12-14 22:17:51,995 INFO  [Log] ############   This is my login test again ################ 
2022-12-14 22:17:51,995 INFO  [Log] ########################## 
2022-12-14 22:17:51,995 INFO  [Log] ########################################## 
2022-12-15 01:41:11,910 INFO  [Log] ** 
2022-12-15 01:41:11,911 INFO  [Log] ** 
2022-12-15 01:41:11,915 INFO  [Log] ############   My first test case is Login test ################ 
2022-12-15 01:41:11,915 INFO  [Log] ** 
2022-12-15 01:41:11,915 INFO  [Log] ** 
2022-12-15 01:41:11,915 INFO  [Log] My login test is going on 
2022-12-15 01:41:11,915 INFO  [Log] My test case might be failed 
2022-12-15 01:41:14,720 INFO  [Log] My test case is about to complete 
2022-12-15 01:41:14,720 INFO  [Log] ################################## 
2022-12-15 01:41:14,720 INFO  [Log] ########################################## 
2022-12-15 01:41:14,720 INFO  [Log] ############   This is my login test again ################ 
2022-12-15 01:41:14,720 INFO  [Log] ########################## 
2022-12-15 01:41:14,720 INFO  [Log] ########################################## 
2022-12-15 01:41:14,992 INFO  [Log] My test case is about to complete 
2022-12-15 01:41:14,992 INFO  [Log] ################################## 
2022-12-15 01:41:14,992 INFO  [Log] ########################################## 
2022-12-15 01:41:14,992 INFO  [Log] ############   This is my login test again ################ 
2022-12-15 01:41:14,992 INFO  [Log] ########################## 
2022-12-15 01:41:14,992 INFO  [Log] ########################################## 
2022-12-29 18:38:58,304 INFO  [Log] ** 
2022-12-29 18:38:58,305 INFO  [Log] ** 
2022-12-29 18:38:58,311 INFO  [Log] ############   My first test case is Login test ################ 
2022-12-29 18:38:58,311 INFO  [Log] ** 
2022-12-29 18:38:58,311 INFO  [Log] ** 
2022-12-29 18:38:58,311 INFO  [Log] My login test is going on 
2022-12-29 18:38:58,312 INFO  [Log] My test case might be failed 
2022-12-29 18:39:01,152 INFO  [Log] My test case is about to complete 
2022-12-29 18:39:01,152 INFO  [Log] ################################## 
2022-12-29 18:39:01,152 INFO  [Log] ########################################## 
2022-12-29 18:39:01,153 INFO  [Log] ############   This is my login test again ################ 
2022-12-29 18:39:01,153 INFO  [Log] ########################## 
2022-12-29 18:39:01,153 INFO  [Log] ########################################## 
2022-12-29 18:39:01,153 INFO  [Log] My test case is about to complete 
2022-12-29 18:39:01,153 INFO  [Log] ################################## 
2022-12-29 18:39:01,153 INFO  [Log] ########################################## 
2022-12-29 18:39:01,153 INFO  [Log] ############   This is my login test again ################ 
2022-12-29 18:39:01,153 INFO  [Log] ########################## 
2022-12-29 18:39:01,153 INFO  [Log] ########################################## 
2022-12-29 20:51:16,093 INFO  [Log] ** 
2022-12-29 20:51:16,097 INFO  [Log] ** 
2022-12-29 20:51:16,105 INFO  [Log] ############   My first test case is Login test ################ 
2022-12-29 20:51:16,105 INFO  [Log] ** 
2022-12-29 20:51:16,105 INFO  [Log] ** 
2022-12-29 20:51:16,106 INFO  [Log] My login test is going on 
2022-12-29 20:51:16,106 INFO  [Log] My test case might be failed 
2022-12-29 20:51:28,043 INFO  [Log] My test case is about to complete 
2022-12-29 20:51:28,045 INFO  [Log] ################################## 
2022-12-29 20:51:28,045 INFO  [Log] ########################################## 
2022-12-29 20:51:28,046 INFO  [Log] ############   This is my login test again ################ 
2022-12-29 20:51:28,046 INFO  [Log] ########################## 
2022-12-29 20:51:28,046 INFO  [Log] ########################################## 
2022-12-29 20:51:28,047 INFO  [Log] My test case is about to complete 
2022-12-29 20:51:28,047 INFO  [Log] ################################## 
2022-12-29 20:51:28,047 INFO  [Log] ########################################## 
2022-12-29 20:51:28,047 INFO  [Log] ############   This is my login test again ################ 
2022-12-29 20:51:28,047 INFO  [Log] ########################## 
2022-12-29 20:51:28,047 INFO  [Log] ########################################## 
2023-01-01 20:40:02,308 INFO  [Log] ** 
2023-01-01 20:40:02,309 INFO  [Log] ** 
2023-01-01 20:40:02,321 INFO  [Log] ############   My first test case is Login test ################ 
2023-01-01 20:40:02,322 INFO  [Log] ** 
2023-01-01 20:40:02,322 INFO  [Log] ** 
2023-01-01 20:40:02,322 INFO  [Log] My login test is going on 
2023-01-01 20:40:02,322 INFO  [Log] My test case might be failed 
2023-01-01 20:40:12,089 INFO  [Log] My test case is about to complete 
2023-01-01 20:40:12,089 INFO  [Log] ################################## 
2023-01-01 20:40:12,090 INFO  [Log] ########################################## 
2023-01-01 20:40:12,090 INFO  [Log] ############   This is my login test again ################ 
2023-01-01 20:40:12,090 INFO  [Log] ########################## 
2023-01-01 20:40:12,090 INFO  [Log] ########################################## 
2023-01-01 20:40:12,090 INFO  [Log] My test case is about to complete 
2023-01-01 20:40:12,090 INFO  [Log] ################################## 
2023-01-01 20:40:12,090 INFO  [Log] ########################################## 
2023-01-01 20:40:12,090 INFO  [Log] ############   This is my login test again ################ 
2023-01-01 20:40:12,090 INFO  [Log] ########################## 
2023-01-01 20:40:12,090 INFO  [Log] ########################################## 
2023-01-01 20:40:42,321 INFO  [Log] ** 
2023-01-01 20:40:42,322 INFO  [Log] ** 
2023-01-01 20:40:42,340 INFO  [Log] ############   My first test case is Login test ################ 
2023-01-01 20:40:42,340 INFO  [Log] ** 
2023-01-01 20:40:42,340 INFO  [Log] ** 
2023-01-01 20:40:42,340 INFO  [Log] My login test is going on 
2023-01-01 20:40:42,340 INFO  [Log] My test case might be failed 
2023-01-01 20:40:52,614 INFO  [Log] My test case is about to complete 
2023-01-01 20:40:52,614 INFO  [Log] ################################## 
2023-01-01 20:40:52,614 INFO  [Log] ########################################## 
2023-01-01 20:40:52,615 INFO  [Log] ############   This is my login test again ################ 
2023-01-01 20:40:52,615 INFO  [Log] ########################## 
2023-01-01 20:40:52,615 INFO  [Log] ########################################## 
2023-01-01 20:40:52,615 INFO  [Log] My test case is about to complete 
2023-01-01 20:40:52,615 INFO  [Log] ################################## 
2023-01-01 20:40:52,615 INFO  [Log] ########################################## 
2023-01-01 20:40:52,615 INFO  [Log] ############   This is my login test again ################ 
2023-01-01 20:40:52,615 INFO  [Log] ########################## 
2023-01-01 20:40:52,615 INFO  [Log] ########################################## 
2023-01-09 23:08:18,872 INFO  [Log] ** 
2023-01-09 23:08:18,873 INFO  [Log] ** 
2023-01-09 23:08:18,877 INFO  [Log] ############   My first test case is Login test ################ 
2023-01-09 23:08:18,877 INFO  [Log] ** 
2023-01-09 23:08:18,877 INFO  [Log] ** 
2023-01-09 23:08:18,877 INFO  [Log] My login test is going on 
2023-01-09 23:08:18,877 INFO  [Log] My test case might be failed 
2023-01-09 23:08:26,439 INFO  [Log] My test case is about to complete 
2023-01-09 23:08:26,439 INFO  [Log] ################################## 
2023-01-09 23:08:26,440 INFO  [Log] ########################################## 
2023-01-09 23:08:26,440 INFO  [Log] ############   This is my login test again ################ 
2023-01-09 23:08:26,440 INFO  [Log] ########################## 
2023-01-09 23:08:26,440 INFO  [Log] ########################################## 
2023-01-09 23:08:26,440 INFO  [Log] My test case is about to complete 
2023-01-09 23:08:26,440 INFO  [Log] ################################## 
2023-01-09 23:08:26,440 INFO  [Log] ########################################## 
2023-01-09 23:08:26,440 INFO  [Log] ############   This is my login test again ################ 
2023-01-09 23:08:26,440 INFO  [Log] ########################## 
2023-01-09 23:08:26,440 INFO  [Log] ########################################## 
2023-01-09 23:10:37,935 INFO  [Log] ** 
2023-01-09 23:10:37,935 INFO  [Log] ** 
2023-01-09 23:10:37,940 INFO  [Log] ############   My first test case is Login test ################ 
2023-01-09 23:10:37,940 INFO  [Log] ** 
2023-01-09 23:10:37,940 INFO  [Log] ** 
2023-01-09 23:10:37,940 INFO  [Log] My login test is going on 
2023-01-09 23:10:37,940 INFO  [Log] My test case might be failed 
2023-01-09 23:10:49,115 INFO  [Log] My test case is about to complete 
2023-01-09 23:10:49,115 INFO  [Log] ################################## 
2023-01-09 23:10:49,116 INFO  [Log] ########################################## 
2023-01-09 23:10:49,116 INFO  [Log] ############   This is my login test again ################ 
2023-01-09 23:10:49,116 INFO  [Log] ########################## 
2023-01-09 23:10:49,116 INFO  [Log] ########################################## 
2023-01-09 23:10:49,116 INFO  [Log] My test case is about to complete 
2023-01-09 23:10:49,116 INFO  [Log] ################################## 
2023-01-09 23:10:49,116 INFO  [Log] ########################################## 
2023-01-09 23:10:49,116 INFO  [Log] ############   This is my login test again ################ 
2023-01-09 23:10:49,116 INFO  [Log] ########################## 
2023-01-09 23:10:49,116 INFO  [Log] ########################################## 
2023-01-09 23:12:27,704 INFO  [Log] ** 
2023-01-09 23:12:27,705 INFO  [Log] ** 
2023-01-09 23:12:27,709 INFO  [Log] ############   My first test case is Login test ################ 
2023-01-09 23:12:27,710 INFO  [Log] ** 
2023-01-09 23:12:27,710 INFO  [Log] ** 
2023-01-09 23:12:27,710 INFO  [Log] My login test is going on 
2023-01-09 23:12:27,710 INFO  [Log] My test case might be failed 
2023-01-09 23:12:35,808 INFO  [Log] My test case is about to complete 
2023-01-09 23:12:35,808 INFO  [Log] ################################## 
2023-01-09 23:12:35,808 INFO  [Log] ########################################## 
2023-01-09 23:12:35,808 INFO  [Log] ############   This is my login test again ################ 
2023-01-09 23:12:35,808 INFO  [Log] ########################## 
2023-01-09 23:12:35,808 INFO  [Log] ########################################## 
2023-01-09 23:12:35,809 INFO  [Log] My test case is about to complete 
2023-01-09 23:12:35,809 INFO  [Log] ################################## 
2023-01-09 23:12:35,809 INFO  [Log] ########################################## 
2023-01-09 23:12:35,809 INFO  [Log] ############   This is my login test again ################ 
2023-01-09 23:12:35,809 INFO  [Log] ########################## 
2023-01-09 23:12:35,809 INFO  [Log] ########################################## 
2023-01-09 23:13:49,814 INFO  [Log] ** 
2023-01-09 23:13:49,815 INFO  [Log] ** 
2023-01-09 23:13:49,821 INFO  [Log] ############   My first test case is Login test ################ 
2023-01-09 23:13:49,821 INFO  [Log] ** 
2023-01-09 23:13:49,821 INFO  [Log] ** 
2023-01-09 23:13:49,821 INFO  [Log] My login test is going on 
2023-01-09 23:13:49,821 INFO  [Log] My test case might be failed 
2023-01-09 23:13:58,167 INFO  [Log] My test case is about to complete 
2023-01-09 23:13:58,167 INFO  [Log] ################################## 
2023-01-09 23:13:58,167 INFO  [Log] ########################################## 
2023-01-09 23:13:58,168 INFO  [Log] ############   This is my login test again ################ 
2023-01-09 23:13:58,168 INFO  [Log] ########################## 
2023-01-09 23:13:58,168 INFO  [Log] ########################################## 
2023-01-09 23:13:58,168 INFO  [Log] My test case is about to complete 
2023-01-09 23:13:58,168 INFO  [Log] ################################## 
2023-01-09 23:13:58,168 INFO  [Log] ########################################## 
2023-01-09 23:13:58,168 INFO  [Log] ############   This is my login test again ################ 
2023-01-09 23:13:58,168 INFO  [Log] ########################## 
2023-01-09 23:13:58,168 INFO  [Log] ########################################## 
2023-01-09 23:30:30,101 INFO  [Log] ** 
2023-01-09 23:30:30,102 INFO  [Log] ** 
2023-01-09 23:30:30,110 INFO  [Log] ############   My first test case is Login test ################ 
2023-01-09 23:30:30,110 INFO  [Log] ** 
2023-01-09 23:30:30,110 INFO  [Log] ** 
2023-01-09 23:30:30,110 INFO  [Log] My login test is going on 
2023-01-09 23:30:30,110 INFO  [Log] My test case might be failed 
2023-01-09 23:30:39,123 INFO  [Log] My test case is about to complete 
2023-01-09 23:30:39,129 INFO  [Log] ################################## 
2023-01-09 23:30:39,129 INFO  [Log] ########################################## 
2023-01-09 23:30:39,129 INFO  [Log] ############   This is my login test again ################ 
2023-01-09 23:30:39,129 INFO  [Log] ########################## 
2023-01-09 23:30:39,129 INFO  [Log] ########################################## 
2023-01-09 23:30:39,129 INFO  [Log] My test case is about to complete 
2023-01-09 23:30:39,129 INFO  [Log] ################################## 
2023-01-09 23:30:39,130 INFO  [Log] ########################################## 
2023-01-09 23:30:39,130 INFO  [Log] ############   This is my login test again ################ 
2023-01-09 23:30:39,130 INFO  [Log] ########################## 
2023-01-09 23:30:39,130 INFO  [Log] ########################################## 
2023-01-09 23:32:30,284 INFO  [Log] ** 
2023-01-09 23:32:30,285 INFO  [Log] ** 
2023-01-09 23:32:30,294 INFO  [Log] ############   My first test case is Login test ################ 
2023-01-09 23:32:30,294 INFO  [Log] ** 
2023-01-09 23:32:30,294 INFO  [Log] ** 
2023-01-09 23:32:30,294 INFO  [Log] My login test is going on 
2023-01-09 23:32:30,295 INFO  [Log] My test case might be failed 
2023-01-09 23:32:39,441 INFO  [Log] My test case is about to complete 
2023-01-09 23:32:39,441 INFO  [Log] ################################## 
2023-01-09 23:32:39,441 INFO  [Log] ########################################## 
2023-01-09 23:32:39,442 INFO  [Log] ############   This is my login test again ################ 
2023-01-09 23:32:39,442 INFO  [Log] ########################## 
2023-01-09 23:32:39,442 INFO  [Log] ########################################## 
2023-01-09 23:32:39,442 INFO  [Log] My test case is about to complete 
2023-01-09 23:32:39,442 INFO  [Log] ################################## 
2023-01-09 23:32:39,442 INFO  [Log] ########################################## 
2023-01-09 23:32:39,442 INFO  [Log] ############   This is my login test again ################ 
2023-01-09 23:32:39,442 INFO  [Log] ########################## 
2023-01-09 23:32:39,442 INFO  [Log] ########################################## 
2023-01-10 13:30:48,393 INFO  [Log] ** 
2023-01-10 13:30:48,394 INFO  [Log] ** 
2023-01-10 13:30:48,399 INFO  [Log] ############   My first test case is Login test ################ 
2023-01-10 13:30:48,399 INFO  [Log] ** 
2023-01-10 13:30:48,399 INFO  [Log] ** 
2023-01-10 13:30:48,399 INFO  [Log] My login test is going on 
2023-01-10 13:30:48,399 INFO  [Log] My test case might be failed 
2023-01-10 13:30:57,153 INFO  [Log] My test case is about to complete 
2023-01-10 13:30:57,153 INFO  [Log] ################################## 
2023-01-10 13:30:57,153 INFO  [Log] ########################################## 
2023-01-10 13:30:57,154 INFO  [Log] ############   This is my login test again ################ 
2023-01-10 13:30:57,154 INFO  [Log] ########################## 
2023-01-10 13:30:57,154 INFO  [Log] ########################################## 
2023-01-10 13:30:57,154 INFO  [Log] My test case is about to complete 
2023-01-10 13:30:57,154 INFO  [Log] ################################## 
2023-01-10 13:30:57,154 INFO  [Log] ########################################## 
2023-01-10 13:30:57,154 INFO  [Log] ############   This is my login test again ################ 
2023-01-10 13:30:57,154 INFO  [Log] ########################## 
2023-01-10 13:30:57,154 INFO  [Log] ########################################## 
